Performing C SOURCE FILE Test CMAKE_HAVE_LIBC_PTHREAD failed with the following output:
Change Dir: /home/developer/master_ws/master_robot/social_store/mars_ws/build/CMakeFiles/CMakeTmp

Run Build Command(s):/usr/bin/make cmTC_95deb/fast && /usr/bin/make -f CMakeFiles/cmTC_95deb.dir/build.make CMakeFiles/cmTC_95deb.dir/build
make[1]: Entering directory '/home/developer/master_ws/master_robot/social_store/mars_ws/build/CMakeFiles/CMakeTmp'
Building C object CMakeFiles/cmTC_95deb.dir/src.c.o
/usr/bin/cc   -DCMAKE_HAVE_LIBC_PTHREAD   -o CMakeFiles/cmTC_95deb.dir/src.c.o   -c /home/developer/master_ws/master_robot/social_store/mars_ws/build/CMakeFiles/CMakeTmp/src.c
Linking C executable cmTC_95deb
/usr/bin/cmake -E cmake_link_script CMakeFiles/cmTC_95deb.dir/link.txt --verbose=1
/usr/bin/cc  -DCMAKE_HAVE_LIBC_PTHREAD    -rdynamic CMakeFiles/cmTC_95deb.dir/src.c.o  -o cmTC_95deb 
/usr/bin/ld: CMakeFiles/cmTC_95deb.dir/src.c.o: in function `main':
src.c:(.text+0x46): undefined reference to `pthread_create'
/usr/bin/ld: src.c:(.text+0x52): undefined reference to `pthread_detach'
/usr/bin/ld: src.c:(.text+0x63): undefined reference to `pthread_join'
collect2: error: ld returned 1 exit status
make[1]: *** [CMakeFiles/cmTC_95deb.dir/build.make:87: cmTC_95deb] Error 1
make[1]: Leaving directory '/home/developer/master_ws/master_robot/social_store/mars_ws/build/CMakeFiles/CMakeTmp'
make: *** [Makefile:121: cmTC_95deb/fast] Error 2


Source file was:
#include <pthread.h>

void* test_func(void* data)
{
  return data;
}

int main(void)
{
  pthread_t thread;
  pthread_create(&thread, NULL, test_func, NULL);
  pthread_detach(thread);
  pthread_join(thread, NULL);
  pthread_atfork(NULL, NULL, NULL);
  pthread_exit(NULL);

  return 0;
}

Determining if the function pthread_create exists in the pthreads failed with the following output:
Change Dir: /home/developer/master_ws/master_robot/social_store/mars_ws/build/CMakeFiles/CMakeTmp

Run Build Command(s):/usr/bin/make cmTC_efc97/fast && /usr/bin/make -f CMakeFiles/cmTC_efc97.dir/build.make CMakeFiles/cmTC_efc97.dir/build
make[1]: Entering directory '/home/developer/master_ws/master_robot/social_store/mars_ws/build/CMakeFiles/CMakeTmp'
Building C object CMakeFiles/cmTC_efc97.dir/CheckFunctionExists.c.o
/usr/bin/cc   -DCHECK_FUNCTION_EXISTS=pthread_create   -o CMakeFiles/cmTC_efc97.dir/CheckFunctionExists.c.o   -c /usr/share/cmake-3.16/Modules/CheckFunctionExists.c
Linking C executable cmTC_efc97
/usr/bin/cmake -E cmake_link_script CMakeFiles/cmTC_efc97.dir/link.txt --verbose=1
/usr/bin/cc  -DCHECK_FUNCTION_EXISTS=pthread_create    -rdynamic CMakeFiles/cmTC_efc97.dir/CheckFunctionExists.c.o  -o cmTC_efc97  -lpthreads 
/usr/bin/ld: cannot find -lpthreads
collect2: error: ld returned 1 exit status
make[1]: *** [CMakeFiles/cmTC_efc97.dir/build.make:87: cmTC_efc97] Error 1
make[1]: Leaving directory '/home/developer/master_ws/master_robot/social_store/mars_ws/build/CMakeFiles/CMakeTmp'
make: *** [Makefile:121: cmTC_efc97/fast] Error 2



Performing C SOURCE FILE Test CMAKE_HAVE_LIBC_PTHREAD failed with the following output:
Change Dir: /home/developer/master_ws/master_robot/social_store/mars_ws/build/CMakeFiles/CMakeTmp

Run Build Command(s):/usr/bin/make cmTC_88708/fast && /usr/bin/make -f CMakeFiles/cmTC_88708.dir/build.make CMakeFiles/cmTC_88708.dir/build
make[1]: Entering directory '/home/developer/master_ws/master_robot/social_store/mars_ws/build/CMakeFiles/CMakeTmp'
Building C object CMakeFiles/cmTC_88708.dir/src.c.o
/usr/bin/cc   -DCMAKE_HAVE_LIBC_PTHREAD   -o CMakeFiles/cmTC_88708.dir/src.c.o   -c /home/developer/master_ws/master_robot/social_store/mars_ws/build/CMakeFiles/CMakeTmp/src.c
Linking C executable cmTC_88708
/usr/bin/cmake -E cmake_link_script CMakeFiles/cmTC_88708.dir/link.txt --verbose=1
/usr/bin/cc  -DCMAKE_HAVE_LIBC_PTHREAD    -rdynamic CMakeFiles/cmTC_88708.dir/src.c.o  -o cmTC_88708 
/usr/bin/ld: CMakeFiles/cmTC_88708.dir/src.c.o: in function `main':
src.c:(.text+0x46): undefined reference to `pthread_create'
/usr/bin/ld: src.c:(.text+0x52): undefined reference to `pthread_detach'
/usr/bin/ld: src.c:(.text+0x63): undefined reference to `pthread_join'
collect2: error: ld returned 1 exit status
make[1]: *** [CMakeFiles/cmTC_88708.dir/build.make:87: cmTC_88708] Error 1
make[1]: Leaving directory '/home/developer/master_ws/master_robot/social_store/mars_ws/build/CMakeFiles/CMakeTmp'
make: *** [Makefile:121: cmTC_88708/fast] Error 2


Source file was:
#include <pthread.h>

void* test_func(void* data)
{
  return data;
}

int main(void)
{
  pthread_t thread;
  pthread_create(&thread, NULL, test_func, NULL);
  pthread_detach(thread);
  pthread_join(thread, NULL);
  pthread_atfork(NULL, NULL, NULL);
  pthread_exit(NULL);

  return 0;
}

Determining if the function pthread_create exists in the pthreads failed with the following output:
Change Dir: /home/developer/master_ws/master_robot/social_store/mars_ws/build/CMakeFiles/CMakeTmp

Run Build Command(s):/usr/bin/make cmTC_ef0c6/fast && /usr/bin/make -f CMakeFiles/cmTC_ef0c6.dir/build.make CMakeFiles/cmTC_ef0c6.dir/build
make[1]: Entering directory '/home/developer/master_ws/master_robot/social_store/mars_ws/build/CMakeFiles/CMakeTmp'
Building C object CMakeFiles/cmTC_ef0c6.dir/CheckFunctionExists.c.o
/usr/bin/cc   -DCHECK_FUNCTION_EXISTS=pthread_create   -o CMakeFiles/cmTC_ef0c6.dir/CheckFunctionExists.c.o   -c /usr/share/cmake-3.16/Modules/CheckFunctionExists.c
Linking C executable cmTC_ef0c6
/usr/bin/cmake -E cmake_link_script CMakeFiles/cmTC_ef0c6.dir/link.txt --verbose=1
/usr/bin/cc  -DCHECK_FUNCTION_EXISTS=pthread_create    -rdynamic CMakeFiles/cmTC_ef0c6.dir/CheckFunctionExists.c.o  -o cmTC_ef0c6  -lpthreads 
/usr/bin/ld: cannot find -lpthreads
collect2: error: ld returned 1 exit status
make[1]: *** [CMakeFiles/cmTC_ef0c6.dir/build.make:87: cmTC_ef0c6] Error 1
make[1]: Leaving directory '/home/developer/master_ws/master_robot/social_store/mars_ws/build/CMakeFiles/CMakeTmp'
make: *** [Makefile:121: cmTC_ef0c6/fast] Error 2



